

Version:	3.14
CmdLine:	C:\Users\sebas\OneDrive\Desktop\game.exe\out\artifacts\game_exe_jar\game.exe --l4j-debug
WOW64:		yes
Working dir:	C:\Users\sebas\OneDrive\Desktop\game.exe\out\artifacts\game_exe_jar\.
Java min ver:	1.008.000
Java max ver:	1.009.000
64-bit search:	SOFTWARE\JavaSoft\Java Runtime Environment...
Check:		SOFTWARE\JavaSoft\Java Runtime Environment\1.8
Check launcher:	C:\Program Files\Java\jre1.8.0_271\bin\javaw.exe (OK)
Match:		1.008.000
Check:		SOFTWARE\JavaSoft\Java Runtime Environment\1.8.0_271
Check launcher:	C:\Program Files\Java\jre1.8.0_271\bin\javaw.exe (OK)
Match:		1.008.000_271
64-bit search:	SOFTWARE\JavaSoft\Java Development Kit...
64-bit search:	SOFTWARE\JavaSoft\JRE...
64-bit search:	SOFTWARE\JavaSoft\JDK...
Runtime used:	1.008.000_271 (64-bit)
Launcher:	C:\Program Files\Java\jre1.8.0_271\bin\javaw.exe
Launcher args:	-jar "C:\Users\sebas\OneDrive\Desktop\game.exe\out\artifacts\game_exe_jar\game.exe"
Args length:	83/32768 chars
Exit code:	0


Version:	3.14
CmdLine:	C:\Users\sebas\OneDrive\Desktop\game.exe\out\artifacts\game_exe_jar\game.exe --l4j-debug
WOW64:		yes
Working dir:	C:\Users\sebas\OneDrive\Desktop\game.exe\out\artifacts\game_exe_jar\.
Java min ver:	1.008.000
Java max ver:	1.009.000
64-bit search:	SOFTWARE\JavaSoft\Java Runtime Environment...
Check:		SOFTWARE\JavaSoft\Java Runtime Environment\1.8
Check launcher:	C:\Program Files\Java\jre1.8.0_271\bin\javaw.exe (OK)
Match:		1.008.000
Check:		SOFTWARE\JavaSoft\Java Runtime Environment\1.8.0_271
Check launcher:	C:\Program Files\Java\jre1.8.0_271\bin\javaw.exe (OK)
Match:		1.008.000_271
64-bit search:	SOFTWARE\JavaSoft\Java Development Kit...
64-bit search:	SOFTWARE\JavaSoft\JRE...
64-bit search:	SOFTWARE\JavaSoft\JDK...
Runtime used:	1.008.000_271 (64-bit)
Launcher:	C:\Program Files\Java\jre1.8.0_271\bin\javaw.exe
Launcher args:	-jar "C:\Users\sebas\OneDrive\Desktop\game.exe\out\artifacts\game_exe_jar\game.exe"
Args length:	83/32768 chars
Error msg:	An error occurred while starting the application.
